<?xml version="1.0" encoding="UTF-8"?>
<testsuite xmlns:xsi="http://www.w3.org/2001/XMLSchema-instance" xsi:noNamespaceSchemaLocation="https://maven.apache.org/surefire/maven-surefire-plugin/xsd/surefire-test-report-3.0.xsd" version="3.0" name="com.mycompany.quickchatapp.LoginTest" time="0.123" tests="12" errors="0" skipped="0" failures="0">
  <properties>
[...]
</properties>
  <testcase name="testReturnLoginStatus_Success" classname="com.mycompany.quickchatapp.LoginTest" time="0.01"/>
  <testcase name="testRegisterUser_InvalidPasswordMessage" classname="com.mycompany.quickchatapp.LoginTest" time="0.0"/>
  <testcase name="testCheckPasswordComplexity_Invalid" classname="com.mycompany.quickchatapp.LoginTest" time="0.0"/>
  <testcase name="testReturnLoginStatus_Failure" classname="com.mycompany.quickchatapp.LoginTest" time="0.0"/>
  <testcase name="testLoginUser_Success" classname="com.mycompany.quickchatapp.LoginTest" time="0.0"/>
  <testcase name="testCheckCellPhoneNumber_Valid" classname="com.mycompany.quickchatapp.LoginTest" time="0.0"/>
  <testcase name="testCheckPasswordComplexity_Valid" classname="com.mycompany.quickchatapp.LoginTest" time="0.0"/>
  <testcase name="testLoginUser_Failure" classname="com.mycompany.quickchatapp.LoginTest" time="0.0"/>
  <testcase name="testCheckUserName_Invalid" classname="com.mycompany.quickchatapp.LoginTest" time="0.0"/>
  <testcase name="testRegisterUser_InvalidUsernameMessage" classname="com.mycompany.quickchatapp.LoginTest" time="0.0"/>
  <testcase name="testCheckCellPhoneNumber_Invalid" classname="com.mycompany.quickchatapp.LoginTest" time="0.0"/>
  <testcase name="testCheckUserName_Valid" classname="com.mycompany.quickchatapp.LoginTest" time="0.001"/>
</testsuite>